# JRE version: OpenJDK Runtime Environment (8.0_242-b01) (build 1.8.0_242-release-1644-b01)
# Java VM: OpenJDK 64-Bit Server VM (25.242-b01 mixed mode windows-amd64 compressed oops)
Heap:
 PSYoungGen      total 153600K, used 99713K [0x00000000d5580000, 0x00000000e2080000, 0x0000000100000000)
  eden space 129536K, 59% used [0x00000000d5580000,0x00000000da07ef60,0x00000000dd400000)
  from space 24064K, 95% used [0x00000000dd400000,0x00000000dea615c0,0x00000000deb80000)
  to   space 27136K, 0% used [0x00000000e0600000,0x00000000e0600000,0x00000000e2080000)
 ParOldGen       total 123904K, used 48883K [0x0000000080000000, 0x0000000087900000, 0x00000000d5580000)
  object space 123904K, 39% used [0x0000000080000000,0x0000000082fbce40,0x0000000087900000)
 Metaspace       used 103055K, capacity 107639K, committed 107952K, reserved 1142784K
  class space    used 13503K, capacity 14392K, committed 14512K, reserved 1048576K
GC Heap History (10 events):
Event: 4700.415 GC heap before
{Heap before GC invocations=25 (full 3):
 PSYoungGen      total 129024K, used 128622K [0x00000000d5580000, 0x00000000deb80000, 0x0000000100000000)
  eden space 110592K, 100% used [0x00000000d5580000,0x00000000dc180000,0x00000000dc180000)
  from space 18432K, 97% used [0x00000000dc500000,0x00000000dd69b8c8,0x00000000dd700000)
  to   space 20992K, 0% used [0x00000000dd700000,0x00000000dd700000,0x00000000deb80000)
 ParOldGen       total 90112K, used 50521K [0x0000000080000000, 0x0000000085800000, 0x00000000d5580000)
  object space 90112K, 56% used [0x0000000080000000,0x0000000083156688,0x0000000085800000)
 Metaspace       used 87872K, capacity 91545K, committed 91568K, reserved 1128448K
  class space    used 11422K, capacity 12193K, committed 12208K, reserved 1048576K
Event: 4700.470 GC heap after
Heap after GC invocations=25 (full 3):
 PSYoungGen      total 131584K, used 14056K [0x00000000d5580000, 0x00000000e0180000, 0x0000000100000000)
  eden space 110592K, 0% used [0x00000000d5580000,0x00000000d5580000,0x00000000dc180000)
  from space 20992K, 66% used [0x00000000dd700000,0x00000000de4ba140,0x00000000deb80000)
  to   space 22016K, 0% used [0x00000000dc180000,0x00000000dc180000,0x00000000dd700000)
 ParOldGen       total 90112K, used 50529K [0x0000000080000000, 0x0000000085800000, 0x00000000d5580000)
  object space 90112K, 56% used [0x0000000080000000,0x0000000083158688,0x0000000085800000)
 Metaspace       used 87872K, capacity 91545K, committed 91568K, reserved 1128448K
  class space    used 11422K, capacity 12193K, committed 12208K, reserved 1048576K
}
Event: 4708.086 GC heap before
{Heap before GC invocations=26 (full 3):
 PSYoungGen      total 131584K, used 124011K [0x00000000d5580000, 0x00000000e0180000, 0x0000000100000000)
  eden space 110592K, 99% used [0x00000000d5580000,0x00000000dc0e0b58,0x00000000dc180000)
  from space 20992K, 66% used [0x00000000dd700000,0x00000000de4ba140,0x00000000deb80000)
  to   space 22016K, 0% used [0x00000000dc180000,0x00000000dc180000,0x00000000dd700000)
 ParOldGen       total 90112K, used 50529K [0x0000000080000000, 0x0000000085800000, 0x00000000d5580000)
  object space 90112K, 56% used [0x0000000080000000,0x0000000083158688,0x0000000085800000)
 Metaspace       used 94451K, capacity 98443K, committed 98600K, reserved 1134592K
  class space    used 12287K, capacity 13130K, committed 13232K, reserved 1048576K
Event: 4708.155 GC heap after
Heap after GC invocations=26 (full 3):
 PSYoungGen      total 132608K, used 21440K [0x00000000d5580000, 0x00000000e0480000, 0x0000000100000000)
  eden space 110592K, 0% used [0x00000000d5580000,0x00000000d5580000,0x00000000dc180000)
  from space 22016K, 97% used [0x00000000dc180000,0x00000000dd6702d0,0x00000000dd700000)
  to   space 24576K, 0% used [0x00000000dec80000,0x00000000dec80000,0x00000000e0480000)
 ParOldGen       total 90112K, used 50537K [0x0000000080000000, 0x0000000085800000, 0x00000000d5580000)
  object space 90112K, 56% used [0x0000000080000000,0x000000008315a688,0x0000000085800000)
 Metaspace       used 94451K, capacity 98443K, committed 98600K, reserved 1134592K
  class space    used 12287K, capacity 13130K, committed 13232K, reserved 1048576K
}
Event: 4708.164 GC heap before
{Heap before GC invocations=27 (full 4):
 PSYoungGen      total 132608K, used 21440K [0x00000000d5580000, 0x00000000e0480000, 0x0000000100000000)
  eden space 110592K, 0% used [0x00000000d5580000,0x00000000d5580000,0x00000000dc180000)
  from space 22016K, 97% used [0x00000000dc180000,0x00000000dd6702d0,0x00000000dd700000)
  to   space 24576K, 0% used [0x00000000dec80000,0x00000000dec80000,0x00000000e0480000)
 ParOldGen       total 90112K, used 50537K [0x0000000080000000, 0x0000000085800000, 0x00000000d5580000)
  object space 90112K, 56% used [0x0000000080000000,0x000000008315a688,0x0000000085800000)
 Metaspace       used 94451K, capacity 98443K, committed 98600K, reserved 1134592K
  class space    used 12287K, capacity 13130K, committed 13232K, reserved 1048576K
Event: 4730.224 GC heap after
Heap after GC invocations=27 (full 4):
 PSYoungGen      total 132608K, used 0K [0x00000000d5580000, 0x00000000e0480000, 0x0000000100000000)
  eden space 110592K, 0% used [0x00000000d5580000,0x00000000d5580000,0x00000000dc180000)
  from space 22016K, 0% used [0x00000000dc180000,0x00000000dc180000,0x00000000dd700000)
  to   space 24576K, 0% used [0x00000000dec80000,0x00000000dec80000,0x00000000e0480000)
 ParOldGen       total 123904K, used 48867K [0x0000000080000000, 0x0000000087900000, 0x00000000d5580000)
  object space 123904K, 39% used [0x0000000080000000,0x0000000082fb8e40,0x0000000087900000)
 Metaspace       used 93548K, capacity 96801K, committed 98600K, reserved 1134592K
  class space    used 12104K, capacity 12799K, committed 13232K, reserved 1048576K
}
Event: 4736.051 GC heap before
{Heap before GC invocations=28 (full 4):
 PSYoungGen      total 132608K, used 110592K [0x00000000d5580000, 0x00000000e0480000, 0x0000000100000000)
  eden space 110592K, 100% used [0x00000000d5580000,0x00000000dc180000,0x00000000dc180000)
  from space 22016K, 0% used [0x00000000dc180000,0x00000000dc180000,0x00000000dd700000)
  to   space 24576K, 0% used [0x00000000dec80000,0x00000000dec80000,0x00000000e0480000)
 ParOldGen       total 123904K, used 48867K [0x0000000080000000, 0x0000000087900000, 0x00000000d5580000)
  object space 123904K, 39% used [0x0000000080000000,0x0000000082fb8e40,0x0000000087900000)
 Metaspace       used 100735K, capacity 105117K, committed 105520K, reserved 1140736K
  class space    used 13180K, capacity 14057K, committed 14128K, reserved 1048576K
Event: 4736.073 GC heap after
Heap after GC invocations=28 (full 4):
 PSYoungGen      total 152576K, used 13902K [0x00000000d5580000, 0x00000000e0300000, 0x0000000100000000)
  eden space 129536K, 0% used [0x00000000d5580000,0x00000000d5580000,0x00000000dd400000)
  from space 23040K, 60% used [0x00000000dec80000,0x00000000dfa13868,0x00000000e0300000)
  to   space 24064K, 0% used [0x00000000dd400000,0x00000000dd400000,0x00000000deb80000)
 ParOldGen       total 123904K, used 48875K [0x0000000080000000, 0x0000000087900000, 0x00000000d5580000)
  object space 123904K, 39% used [0x0000000080000000,0x0000000082fbae40,0x0000000087900000)
 Metaspace       used 100735K, capacity 105117K, committed 105520K, reserved 1140736K
  class space    used 13180K, capacity 14057K, committed 14128K, reserved 1048576K
}
Event: 4737.965 GC heap before
{Heap before GC invocations=29 (full 4):
 PSYoungGen      total 152576K, used 143438K [0x00000000d5580000, 0x00000000e0300000, 0x0000000100000000)
  eden space 129536K, 100% used [0x00000000d5580000,0x00000000dd400000,0x00000000dd400000)
  from space 23040K, 60% used [0x00000000dec80000,0x00000000dfa13868,0x00000000e0300000)
  to   space 24064K, 0% used [0x00000000dd400000,0x00000000dd400000,0x00000000deb80000)
 ParOldGen       total 123904K, used 48875K [0x0000000080000000, 0x0000000087900000, 0x00000000d5580000)
  object space 123904K, 39% used [0x0000000080000000,0x0000000082fbae40,0x0000000087900000)
 Metaspace       used 102015K, capacity 106473K, committed 106800K, reserved 1142784K
  class space    used 13364K, capacity 14243K, committed 14384K, reserved 1048576K
Event: 4738.122 GC heap after
Heap after GC invocations=29 (full 4):
 PSYoungGen      total 153600K, used 22917K [0x00000000d5580000, 0x00000000e2080000, 0x0000000100000000)
  eden space 129536K, 0% used [0x00000000d5580000,0x00000000d5580000,0x00000000dd400000)
  from space 24064K, 95% used [0x00000000dd400000,0x00000000dea615c0,0x00000000deb80000)
  to   space 27136K, 0% used [0x00000000e0600000,0x00000000e0600000,0x00000000e2080000)
 ParOldGen       total 123904K, used 48883K [0x0000000080000000, 0x0000000087900000, 0x00000000d5580000)
  object space 123904K, 39% used [0x0000000080000000,0x0000000082fbce40,0x0000000087900000)
 Metaspace       used 102015K, capacity 106473K, committed 106800K, reserved 1142784K
  class space    used 13364K, capacity 14243K, committed 14384K, reserved 1048576K
}

